# JRE version: OpenJDK Runtime Environment (8.0_242) (build 1.8.0_242-release-1644-b3-6222593)
# Java VM: OpenJDK 64-Bit Server VM (25.242-b3-6222593 mixed mode linux-amd64 compressed oops)
Heap:
 PSYoungGen      total 613376K, used 232945K [0x00000000d5580000, 0x00000000ffa80000, 0x0000000100000000)
  eden space 537600K, 37% used [0x00000000d5580000,0x00000000e1c181d0,0x00000000f6280000)
  from space 75776K, 39% used [0x00000000fb080000,0x00000000fcd64498,0x00000000ffa80000)
  to   space 77824K, 0% used [0x00000000f6280000,0x00000000f6280000,0x00000000fae80000)
 ParOldGen       total 299520K, used 82650K [0x0000000080000000, 0x0000000092480000, 0x00000000d5580000)
  object space 299520K, 27% used [0x0000000080000000,0x00000000850b6878,0x0000000092480000)
 Metaspace       used 194161K, capacity 203064K, committed 204312K, reserved 1228800K
  class space    used 23261K, capacity 24904K, committed 25136K, reserved 1048576K
GC Heap History (10 events):
Event: 22241,909 GC heap before
{Heap before GC invocations=75 (full 9):
 PSYoungGen      total 530944K, used 530517K [0x00000000d5580000, 0x00000000ffa80000, 0x0000000100000000)
  eden space 512000K, 100% used [0x00000000d5580000,0x00000000f4980000,0x00000000f4980000)
  from space 18944K, 97% used [0x00000000f4980000,0x00000000f5b957e8,0x00000000f5c00000)
  to   space 90624K, 0% used [0x00000000fa200000,0x00000000fa200000,0x00000000ffa80000)
 ParOldGen       total 299520K, used 82610K [0x0000000080000000, 0x0000000092480000, 0x00000000d5580000)
  object space 299520K, 27% used [0x0000000080000000,0x00000000850ac878,0x0000000092480000)
 Metaspace       used 185505K, capacity 193800K, committed 196248K, reserved 1220608K
  class space    used 22245K, capacity 23776K, committed 24240K, reserved 1048576K
Event: 22241,934 GC heap after
Heap after GC invocations=75 (full 9):
 PSYoungGen      total 607232K, used 32084K [0x00000000d5580000, 0x0000000100000000, 0x0000000100000000)
  eden space 516608K, 0% used [0x00000000d5580000,0x00000000d5580000,0x00000000f4e00000)
  from space 90624K, 35% used [0x00000000fa200000,0x00000000fc1552f8,0x00000000ffa80000)
  to   space 86016K, 0% used [0x00000000f4e00000,0x00000000f4e00000,0x00000000fa200000)
 ParOldGen       total 299520K, used 82618K [0x0000000080000000, 0x0000000092480000, 0x00000000d5580000)
  object space 299520K, 27% used [0x0000000080000000,0x00000000850ae878,0x0000000092480000)
 Metaspace       used 185505K, capacity 193800K, committed 196248K, reserved 1220608K
  class space    used 22245K, capacity 23776K, committed 24240K, reserved 1048576K
}
Event: 22243,728 GC heap before
{Heap before GC invocations=76 (full 9):
 PSYoungGen      total 607232K, used 548692K [0x00000000d5580000, 0x0000000100000000, 0x0000000100000000)
  eden space 516608K, 100% used [0x00000000d5580000,0x00000000f4e00000,0x00000000f4e00000)
  from space 90624K, 35% used [0x00000000fa200000,0x00000000fc1552f8,0x00000000ffa80000)
  to   space 86016K, 0% used [0x00000000f4e00000,0x00000000f4e00000,0x00000000fa200000)
 ParOldGen       total 299520K, used 82618K [0x0000000080000000, 0x0000000092480000, 0x00000000d5580000)
  object space 299520K, 27% used [0x0000000080000000,0x00000000850ae878,0x0000000092480000)
 Metaspace       used 185586K, capacity 193912K, committed 196248K, reserved 1220608K
  class space    used 22249K, capacity 23784K, committed 24240K, reserved 1048576K
Event: 22243,747 GC heap after
Heap after GC invocations=76 (full 9):
 PSYoungGen      total 602624K, used 21009K [0x00000000d5580000, 0x00000000ff780000, 0x0000000100000000)
  eden space 516608K, 0% used [0x00000000d5580000,0x00000000d5580000,0x00000000f4e00000)
  from space 86016K, 24% used [0x00000000f4e00000,0x00000000f6284760,0x00000000fa200000)
  to   space 83968K, 0% used [0x00000000fa580000,0x00000000fa580000,0x00000000ff780000)
 ParOldGen       total 299520K, used 82626K [0x0000000080000000, 0x0000000092480000, 0x00000000d5580000)
  object space 299520K, 27% used [0x0000000080000000,0x00000000850b0878,0x0000000092480000)
 Metaspace       used 185586K, capacity 193912K, committed 196248K, reserved 1220608K
  class space    used 22249K, capacity 23784K, committed 24240K, reserved 1048576K
}
Event: 22284,572 GC heap before
{Heap before GC invocations=77 (full 9):
 PSYoungGen      total 602624K, used 537617K [0x00000000d5580000, 0x00000000ff780000, 0x0000000100000000)
  eden space 516608K, 100% used [0x00000000d5580000,0x00000000f4e00000,0x00000000f4e00000)
  from space 86016K, 24% used [0x00000000f4e00000,0x00000000f6284760,0x00000000fa200000)
  to   space 83968K, 0% used [0x00000000fa580000,0x00000000fa580000,0x00000000ff780000)
 ParOldGen       total 299520K, used 82626K [0x0000000080000000, 0x0000000092480000, 0x00000000d5580000)
  object space 299520K, 27% used [0x0000000080000000,0x00000000850b0878,0x0000000092480000)
 Metaspace       used 186200K, capacity 194662K, committed 196504K, reserved 1222656K
  class space    used 22353K, capacity 23919K, committed 24240K, reserved 1048576K
Event: 22284,588 GC heap after
Heap after GC invocations=77 (full 9):
 PSYoungGen      total 608768K, used 28730K [0x00000000d5580000, 0x00000000ff600000, 0x0000000100000000)
  eden space 526336K, 0% used [0x00000000d5580000,0x00000000d5580000,0x00000000f5780000)
  from space 82432K, 34% used [0x00000000fa580000,0x00000000fc18ebc0,0x00000000ff600000)
  to   space 79872K, 0% used [0x00000000f5780000,0x00000000f5780000,0x00000000fa580000)
 ParOldGen       total 299520K, used 82634K [0x0000000080000000, 0x0000000092480000, 0x00000000d5580000)
  object space 299520K, 27% used [0x0000000080000000,0x00000000850b2878,0x0000000092480000)
 Metaspace       used 186200K, capacity 194662K, committed 196504K, reserved 1222656K
  class space    used 22353K, capacity 23919K, committed 24240K, reserved 1048576K
}
Event: 22286,770 GC heap before
{Heap before GC invocations=78 (full 9):
 PSYoungGen      total 608768K, used 555066K [0x00000000d5580000, 0x00000000ff600000, 0x0000000100000000)
  eden space 526336K, 100% used [0x00000000d5580000,0x00000000f5780000,0x00000000f5780000)
  from space 82432K, 34% used [0x00000000fa580000,0x00000000fc18ebc0,0x00000000ff600000)
  to   space 79872K, 0% used [0x00000000f5780000,0x00000000f5780000,0x00000000fa580000)
 ParOldGen       total 299520K, used 82634K [0x0000000080000000, 0x0000000092480000, 0x00000000d5580000)
  object space 299520K, 27% used [0x0000000080000000,0x00000000850b2878,0x0000000092480000)
 Metaspace       used 194090K, capacity 202976K, committed 204312K, reserved 1228800K
  class space    used 23258K, capacity 24900K, committed 25136K, reserved 1048576K
Event: 22286,791 GC heap after
Heap after GC invocations=78 (full 9):
 PSYoungGen      total 606208K, used 50262K [0x00000000d5580000, 0x0000000100000000, 0x0000000100000000)
  eden space 526336K, 0% used [0x00000000d5580000,0x00000000d5580000,0x00000000f5780000)
  from space 79872K, 62% used [0x00000000f5780000,0x00000000f8895bc8,0x00000000fa580000)
  to   space 81408K, 0% used [0x00000000fb080000,0x00000000fb080000,0x0000000100000000)
 ParOldGen       total 299520K, used 82642K [0x0000000080000000, 0x0000000092480000, 0x00000000d5580000)
  object space 299520K, 27% used [0x0000000080000000,0x00000000850b4878,0x0000000092480000)
 Metaspace       used 194090K, capacity 202976K, committed 204312K, reserved 1228800K
  class space    used 23258K, capacity 24900K, committed 25136K, reserved 1048576K
}
Event: 22288,157 GC heap before
{Heap before GC invocations=79 (full 9):
 PSYoungGen      total 606208K, used 576583K [0x00000000d5580000, 0x0000000100000000, 0x0000000100000000)
  eden space 526336K, 99% used [0x00000000d5580000,0x00000000f577c108,0x00000000f5780000)
  from space 79872K, 62% used [0x00000000f5780000,0x00000000f8895bc8,0x00000000fa580000)
  to   space 81408K, 0% used [0x00000000fb080000,0x00000000fb080000,0x0000000100000000)
 ParOldGen       total 299520K, used 82642K [0x0000000080000000, 0x0000000092480000, 0x00000000d5580000)
  object space 299520K, 27% used [0x0000000080000000,0x00000000850b4878,0x0000000092480000)
 Metaspace       used 194102K, capacity 202976K, committed 204312K, reserved 1228800K
  class space    used 23258K, capacity 24900K, committed 25136K, reserved 1048576K
Event: 22288,175 GC heap after
Heap after GC invocations=79 (full 9):
 PSYoungGen      total 613376K, used 29585K [0x00000000d5580000, 0x00000000ffa80000, 0x0000000100000000)
  eden space 537600K, 0% used [0x00000000d5580000,0x00000000d5580000,0x00000000f6280000)
  from space 75776K, 39% used [0x00000000fb080000,0x00000000fcd64498,0x00000000ffa80000)
  to   space 77824K, 0% used [0x00000000f6280000,0x00000000f6280000,0x00000000fae80000)
 ParOldGen       total 299520K, used 82650K [0x0000000080000000, 0x0000000092480000, 0x00000000d5580000)
  object space 299520K, 27% used [0x0000000080000000,0x00000000850b6878,0x0000000092480000)
 Metaspace       used 194102K, capacity 202976K, committed 204312K, reserved 1228800K
  class space    used 23258K, capacity 24900K, committed 25136K, reserved 1048576K
}

